\BOOKMARK [1][-]{section*.1}{\376\377\000P\000r\000e\000l\000i\000m\000i\000n\000a\000r\000i\000e\000s}{}% 1
\BOOKMARK [1][-]{section.1}{\376\377\0001\000.\000\040\000L\000e\000c\000t\000u\000r\000e\000\040\0001\000\040\040\023\000\040\0006\000t\000h\000\040\000S\000e\000p\000t\000e\000m\000b\000e\000r\000\040\0002\0000\0002\0003}{}% 2
\BOOKMARK [1][-]{section.2}{\376\377\0002\000.\000\040\000L\000e\000c\000t\000u\000r\000e\000\040\0002\000\040\040\023\000\040\0001\0001\000t\000h\000\040\000S\000e\000p\000t\000e\000m\000b\000e\000r\000\040\0002\0000\0002\0003}{}% 3
\BOOKMARK [1][-]{section.3}{\376\377\0003\000.\000\040\000L\000e\000c\000t\000u\000r\000e\000\040\0003\000\040\040\023\000\040\0001\0003\000t\000h\000\040\000S\000e\000p\000t\000e\000m\000b\000e\000r\000\040\0002\0000\0002\0003}{}% 4
\BOOKMARK [1][-]{section.4}{\376\377\0004\000.\000\040\000L\000e\000c\000t\000u\000r\000e\000\040\0004\000\040\040\023\000\040\0001\0008\000t\000h\000\040\000S\000e\000p\000t\000e\000m\000b\000e\000r\000\040\0002\0000\0002\0003}{}% 5
\BOOKMARK [1][-]{section.5}{\376\377\0005\000.\000\040\000L\000e\000c\000t\000u\000r\000e\000\040\0005\000\040\040\023\000\040\0002\0000\000t\000h\000\040\000S\000e\000p\000t\000e\000m\000b\000e\000r\000\040\0002\0000\0002\0003}{}% 6
\BOOKMARK [1][-]{section.6}{\376\377\0006\000.\000\040\000L\000e\000c\000t\000u\000r\000e\000\040\0006\000\040\040\023\000\040\0002\000n\000d\000\040\000O\000c\000t\000o\000b\000e\000r\000\040\0002\0000\0002\0003}{}% 7
\BOOKMARK [1][-]{section.7}{\376\377\0007\000.\000\040\000L\000e\000c\000t\000u\000r\000e\000\040\0007\000\040\040\023\000\040\0004\000t\000h\000\040\000O\000c\000t\000o\000b\000e\000r\000\040\0002\0000\0002\0003}{}% 8
\BOOKMARK [1][-]{section.8}{\376\377\0008\000.\000\040\000L\000e\000c\000t\000u\000r\000e\000\040\0008\000\040\040\023\000\040\0001\0001\000t\000h\000\040\000O\000c\000t\000o\000b\000e\000r\000\040\0002\0000\0002\0003}{}% 9
\BOOKMARK [1][-]{section.9}{\376\377\0009\000.\000\040\000L\000e\000c\000t\000u\000r\000e\000\040\0009\000\040\040\023\000\040\0001\0006\000t\000h\000\040\000O\000c\000t\000o\000b\000e\000r\000\040\0002\0000\0002\0003}{}% 10
\BOOKMARK [1][-]{section.10}{\376\377\0001\0000\000.\000\040\000L\000e\000c\000t\000u\000r\000e\000\040\0001\0000\000\040\040\023\000\040\0001\0008\000t\000h\000\040\000O\000c\000t\000o\000b\000e\000r\000\040\0002\0000\0002\0003}{}% 11
\BOOKMARK [1][-]{section.11}{\376\377\0001\0001\000.\000\040\000L\000e\000c\000t\000u\000r\000e\000\040\0001\0001\000\040\040\023\000\040\0002\0003\000r\000d\000\040\000O\000c\000t\000o\000b\000e\000r\000\040\0002\0000\0002\0003}{}% 12
\BOOKMARK [1][-]{section.12}{\376\377\0001\0002\000.\000\040\000L\000e\000c\000t\000u\000r\000e\000\040\0001\0002\000\040\040\023\000\040\0002\0005\000t\000h\000\040\000O\000c\000t\000o\000b\000e\000r\000\040\0002\0000\0002\0003}{}% 13
\BOOKMARK [1][-]{section.13}{\376\377\0001\0003\000.\000\040\000L\000e\000c\000t\000u\000r\000e\000\040\0001\0003\000\040\040\023\000\040\0003\0000\000t\000h\000\040\000O\000c\000t\000o\000b\000e\000r\000\040\0002\0000\0002\0003}{}% 14
\BOOKMARK [1][-]{section.14}{\376\377\0001\0004\000.\000\040\000L\000e\000c\000t\000u\000r\000e\000\040\0001\0004\000\040\040\023\000\040\0001\000s\000t\000\040\000N\000o\000v\000e\000m\000b\000e\000r\000\040\0002\0000\0002\0003}{}% 15
\BOOKMARK [1][-]{section.15}{\376\377\0001\0005\000.\000\040\000L\000e\000c\000t\000u\000r\000e\000\040\0001\0005\000\040\040\023\000\040\0006\000t\000h\000\040\000N\000o\000v\000e\000m\000b\000e\000r\000\040\0002\0000\0002\0003}{}% 16
\BOOKMARK [1][-]{section.16}{\376\377\0001\0006\000.\000\040\000L\000e\000c\000t\000u\000r\000e\000\040\0001\0006\000\040\040\023\000\040\0008\000t\000h\000\040\000N\000o\000v\000e\000m\000b\000e\000r\000\040\0002\0000\0002\0003}{}% 17
\BOOKMARK [1][-]{section.17}{\376\377\0001\0007\000.\000\040\000L\000e\000c\000t\000u\000r\000e\000\040\0001\0007\000\040\040\023\000\040\0001\0003\000t\000h\000\040\000N\000o\000v\000e\000m\000b\000e\000r\000\040\0002\0000\0002\0003}{}% 18
\BOOKMARK [1][-]{section.18}{\376\377\0001\0008\000.\000\040\000L\000e\000c\000t\000u\000r\000e\000\040\0001\0008\000\040\040\023\000\040\0001\0005\000t\000h\000\040\000N\000o\000v\000e\000m\000b\000e\000r\000\040\0002\0000\0002\0003}{}% 19
\BOOKMARK [1][-]{section.19}{\376\377\0001\0009\000.\000\040\000L\000e\000c\000t\000u\000r\000e\000\040\0001\0009\000\040\040\023\000\040\0002\0000\000t\000h\000\040\000N\000o\000v\000e\000m\000b\000e\000r\000\040\0002\0000\0002\0003}{}% 20
\BOOKMARK [1][-]{section.20}{\376\377\0002\0000\000.\000\040\000L\000e\000c\000t\000u\000r\000e\000\040\0002\0000\000\040\040\023\000\040\0002\0007\000t\000h\000\040\000N\000o\000v\000e\000m\000b\000e\000r\000\040\0002\0000\0002\0003}{}% 21
\BOOKMARK [1][-]{section.21}{\376\377\0002\0001\000.\000\040\000L\000e\000c\000t\000u\000r\000e\000\040\0002\0001\000\040\040\023\000\040\0002\0009\000t\000h\000\040\000N\000o\000v\000e\000m\000b\000e\000r\000\040\0002\0000\0002\0003}{}% 22
\BOOKMARK [1][-]{section.22}{\376\377\0002\0002\000.\000\040\000L\000e\000c\000t\000u\000r\000e\000\040\0002\0002\000\040\040\023\000\040\0004\000t\000h\000\040\000D\000e\000c\000e\000m\000b\000e\000r\000\040\0002\0000\0002\0003}{}% 23
\BOOKMARK [1][-]{section*.3}{\376\377\000R\000e\000f\000e\000r\000e\000n\000c\000e\000s}{}% 24
